02-04-2023 11:42:53.5353: [info] Server Running on Port: http://localhost:5000 
02-04-2023 11:42:53.5353: [info] Server Running on Port: http://localhost:5000 
02-04-2023 11:42:53.5353: [info] Server Running on Port: http://localhost:5000 
02-04-2023 11:42:53.5353: [info] Server Running on Port: http://localhost:5000 
02-04-2023 11:42:53.5353: [info] Server Running on Port: http://localhost:5000 
02-04-2023 11:42:53.5353: [info] Server Running on Port: http://localhost:5000 
02-04-2023 11:42:53.5353: [info] Server Running on Port: http://localhost:5000 
02-04-2023 11:42:53.5353: [info] Server Running on Port: http://localhost:5000 
02-04-2023 11:44:00.000: [info] Request recieved POST /signup "paliwalbdevop@gmail.com"  
02-04-2023 11:44:00.000: [info] [validator.js] : checking input data. 
02-04-2023 11:44:00.000: [info] signup for new user started..... 
02-04-2023 11:44:01.011: [info] This username is already taken: Bharat Paliwal 
02-04-2023 11:44:01.011: [info] Response send with 400 Bad Request;  38b sent 
02-04-2023 11:44:33.3333: [info] Request recieved POST /signup "paliwalbdevop@gmail.com"  
02-04-2023 11:44:33.3333: [info] [validator.js] : checking input data. 
02-04-2023 11:44:33.3333: [info] signup for new user started..... 
02-04-2023 11:44:36.3636: [info] token generated --> eyJhbGciOiJIUzI1NiIsInR5cCI6IkpXVCJ9.eyJlbWFpbCI6InBhbGl3YWxiZGV2b3BAZ21haWwuY29tIiwiaGFzaFBhc3N3b3JkIjoiJDJiJDE1JDBIUS9RRXFBckQvUTkwbGZuUjV3dXVVQ2dycmE3S2JuNHpPNXRBVllhSy52SGFKSnB1dVRLIiwiaWF0IjoxNjgwNDE2MDc2LCJleHAiOjE2ODA0MTk2NzZ9.n3LN6L8j637s-YY2nWFvSK2-RqSWs742GzKq8iMmQ3g 
02-04-2023 11:44:36.3636: [info] new user created --> {"username":"Bharat Paliwal","email":"paliwalbdevop@gmail.com","password":"$2b$15$0HQ/QEqArD/Q90lfnR5wuuUCgrra7Kbn4zO5tAVYaK.vHaJJpuuTK","isVerified":false,"loginCount":1,"inValidPasswordCount":0,"role":"customer","userStatus":"Active","lastLoggedIn":"","token":"eyJhbGciOiJIUzI1NiIsInR5cCI6IkpXVCJ9.eyJlbWFpbCI6InBhbGl3YWxiZGV2b3BAZ21haWwuY29tIiwiaGFzaFBhc3N3b3JkIjoiJDJiJDE1JDBIUS9RRXFBckQvUTkwbGZuUjV3dXVVQ2dycmE3S2JuNHpPNXRBVllhSy52SGFKSnB1dVRLIiwiaWF0IjoxNjgwNDE2MDc2LCJleHAiOjE2ODA0MTk2NzZ9.n3LN6L8j637s-YY2nWFvSK2-RqSWs742GzKq8iMmQ3g","userCreatedOn":"","_id":"64291d4c05a7b9cffc33d180","createdAt":"2023-04-02T06:14:36.551Z","updatedAt":"2023-04-02T06:14:36.551Z","__v":0} 
02-04-2023 11:44:36.3636: [info] signup ended 
02-04-2023 11:44:36.3636: [info] Response send with 200 OK;  1017b sent 
02-04-2023 11:44:37.3737: [info] [email.js] {"accepted":["paliwalbdevop@gmail.com"],"rejected":[],"ehlo":["AUTH LOGIN PLAIN","SIZE 53477376"],"envelopeTime":87,"messageTime":354,"messageSize":1926,"response":"250 Message received","envelope":{"from":"pidevop@zohomail.in","to":["paliwalbdevop@gmail.com"]},"messageId":"<418d985b-eeaf-b62e-c468-48c3b2352939@zohomail.in>"} 
02-04-2023 12:02:45.4545: [info] Server Running on Port: http://localhost:5000 
02-04-2023 12:02:45.4545: [info] Server Running on Port: http://localhost:5000 
02-04-2023 12:02:45.4545: [info] Server Running on Port: http://localhost:5000 
02-04-2023 12:02:45.4545: [info] Server Running on Port: http://localhost:5000 
02-04-2023 12:02:45.4545: [info] Server Running on Port: http://localhost:5000 
02-04-2023 12:02:45.4545: [info] Server Running on Port: http://localhost:5000 
02-04-2023 12:02:45.4545: [info] Server Running on Port: http://localhost:5000 
02-04-2023 12:02:45.4545: [info] Server Running on Port: http://localhost:5000 
02-04-2023 12:08:33.3333: [info] Request recieved POST /signup "paliwalbdevop@gmail.com"  
02-04-2023 12:08:33.3333: [info] [validator.js] : checking input data. 
02-04-2023 12:08:33.3333: [info] signup for new user started..... 
02-04-2023 12:08:36.3636: [info] token generated --> eyJhbGciOiJIUzI1NiIsInR5cCI6IkpXVCJ9.eyJlbWFpbCI6InBhbGl3YWxiZGV2b3BAZ21haWwuY29tIiwiaGFzaFBhc3N3b3JkIjoiJDJiJDE1JElOYVFsM3psWGxDdVVjam1ScTB2RC5YUFFQeE4vdS5XY3luWUhYWTM3MGlKaGFERi53SWhXIiwiaWF0IjoxNjgwNDE3NTE2LCJleHAiOjE2ODA0MjExMTZ9.FQJMVcvDjjbCpfEzzkP0y1nEPGZUWV2X0kj9uK60JLQ 
02-04-2023 12:08:36.3636: [info] new user created --> {"username":"Bharat Paliwal","email":"paliwalbdevop@gmail.com","password":"$2b$15$INaQl3zlXlCuUcjmRq0vD.XPQPxN/u.WcynYHXY370iJhaDF.wIhW","isVerified":false,"loginCount":1,"inValidPasswordCount":0,"role":"customer","userStatus":"Active","lastLoggedIn":"","token":"eyJhbGciOiJIUzI1NiIsInR5cCI6IkpXVCJ9.eyJlbWFpbCI6InBhbGl3YWxiZGV2b3BAZ21haWwuY29tIiwiaGFzaFBhc3N3b3JkIjoiJDJiJDE1JElOYVFsM3psWGxDdVVjam1ScTB2RC5YUFFQeE4vdS5XY3luWUhYWTM3MGlKaGFERi53SWhXIiwiaWF0IjoxNjgwNDE3NTE2LCJleHAiOjE2ODA0MjExMTZ9.FQJMVcvDjjbCpfEzzkP0y1nEPGZUWV2X0kj9uK60JLQ","userCreatedOn":"","_id":"642922ec4619b3ed3e7009d0","createdAt":"2023-04-02T06:38:36.628Z","updatedAt":"2023-04-02T06:38:36.628Z","__v":0} 
02-04-2023 12:08:36.3636: [info] signup ended 
02-04-2023 12:08:36.3636: [info] Response send with 200 OK;  1017b sent 
02-04-2023 12:08:37.3737: [info] [email.js] {"accepted":["paliwalbdevop@gmail.com"],"rejected":[],"ehlo":["AUTH LOGIN PLAIN","SIZE 53477376"],"envelopeTime":98,"messageTime":178,"messageSize":1972,"response":"250 Message received","envelope":{"from":"pidevop@zohomail.in","to":["paliwalbdevop@gmail.com"]},"messageId":"<4e6b31be-5556-b4e7-72c2-d4fba2f036ba@zohomail.in>"} 
02-04-2023 12:09:53.5353: [info] Server Running on Port: http://localhost:5000 
02-04-2023 12:09:53.5353: [info] Server Running on Port: http://localhost:5000 
02-04-2023 12:09:53.5353: [info] Server Running on Port: http://localhost:5000 
02-04-2023 12:09:53.5353: [info] Server Running on Port: http://localhost:5000 
02-04-2023 12:09:53.5353: [info] Server Running on Port: http://localhost:5000 
02-04-2023 12:09:53.5353: [info] Server Running on Port: http://localhost:5000 
02-04-2023 12:09:53.5353: [info] Server Running on Port: http://localhost:5000 
02-04-2023 12:09:53.5353: [info] Server Running on Port: http://localhost:5000 
02-04-2023 12:10:44.4444: [info] Server Running on Port: http://localhost:5000 
02-04-2023 12:10:44.4444: [info] Server Running on Port: http://localhost:5000 
02-04-2023 12:10:44.4444: [info] Server Running on Port: http://localhost:5000 
02-04-2023 12:10:44.4444: [info] Server Running on Port: http://localhost:5000 
02-04-2023 12:10:44.4444: [info] Server Running on Port: http://localhost:5000 
02-04-2023 12:10:44.4444: [info] Server Running on Port: http://localhost:5000 
02-04-2023 12:10:44.4444: [info] Server Running on Port: http://localhost:5000 
02-04-2023 12:10:51.5151: [info] Request recieved POST /signup "paliwalbdevop@gmail.com"  
02-04-2023 12:10:51.5151: [info] [validator.js] : checking input data. 
02-04-2023 12:10:51.5151: [info] signup for new user started..... 
02-04-2023 12:10:54.5454: [info] Server Running on Port: http://localhost:5000 
02-04-2023 12:10:54.5454: [info] token generated --> eyJhbGciOiJIUzI1NiIsInR5cCI6IkpXVCJ9.eyJlbWFpbCI6InBhbGl3YWxiZGV2b3BAZ21haWwuY29tIiwiaGFzaFBhc3N3b3JkIjoiJDJiJDE1JEg2Z1Q5ZUtiejVVUW1mOHFJaGVDd2VBWWtvaUw3QkF1QmpBS2hJQ0N3UXQ5SC9tU0xLbW82IiwiaWF0IjoxNjgwNDE3NjU0LCJleHAiOjE2ODA0MjEyNTR9.Hb4jBqhMUU4oCtB9w2tQ-lQORX9_5cXLSX-CqUcjvqQ 
02-04-2023 12:10:54.5454: [info] new user created --> {"username":"Bharat Paliwal","email":"paliwalbdevop@gmail.com","password":"$2b$15$H6gT9eKbz5UQmf8qIheCweAYkoiL7BAuBjAKhICCwQt9H/mSLKmo6","isVerified":false,"loginCount":1,"inValidPasswordCount":0,"role":"customer","userStatus":"Active","lastLoggedIn":"","token":"eyJhbGciOiJIUzI1NiIsInR5cCI6IkpXVCJ9.eyJlbWFpbCI6InBhbGl3YWxiZGV2b3BAZ21haWwuY29tIiwiaGFzaFBhc3N3b3JkIjoiJDJiJDE1JEg2Z1Q5ZUtiejVVUW1mOHFJaGVDd2VBWWtvaUw3QkF1QmpBS2hJQ0N3UXQ5SC9tU0xLbW82IiwiaWF0IjoxNjgwNDE3NjU0LCJleHAiOjE2ODA0MjEyNTR9.Hb4jBqhMUU4oCtB9w2tQ-lQORX9_5cXLSX-CqUcjvqQ","userCreatedOn":"","_id":"642923760393f346db9b8fb6","createdAt":"2023-04-02T06:40:54.193Z","updatedAt":"2023-04-02T06:40:54.193Z","__v":0} 
02-04-2023 12:10:54.5454: [info] signup ended 
02-04-2023 12:10:54.5454: [info] Response send with 200 OK;  1017b sent 
02-04-2023 12:10:54.5454: [info] [email.js] {"accepted":["paliwalbdevop@gmail.com"],"rejected":[],"ehlo":["AUTH LOGIN PLAIN","SIZE 53477376"],"envelopeTime":101,"messageTime":180,"messageSize":1972,"response":"250 Message received","envelope":{"from":"pidevop@zohomail.in","to":["paliwalbdevop@gmail.com"]},"messageId":"<62caa691-926b-9981-ae78-3a90fc378129@zohomail.in>"} 
02-04-2023 12:12:11.1111: [info] Server Running on Port: http://localhost:5000 
02-04-2023 12:12:11.1111: [info] Server Running on Port: http://localhost:5000 
02-04-2023 12:12:11.1111: [info] Server Running on Port: http://localhost:5000 
02-04-2023 12:12:11.1111: [info] Server Running on Port: http://localhost:5000 
02-04-2023 12:12:11.1111: [info] Server Running on Port: http://localhost:5000 
02-04-2023 12:12:11.1111: [info] Server Running on Port: http://localhost:5000 
02-04-2023 12:12:11.1111: [info] Server Running on Port: http://localhost:5000 
02-04-2023 12:12:12.1212: [info] Server Running on Port: http://localhost:5000 
02-04-2023 12:19:47.4747: [info] Server Running on Port: http://localhost:5000 
02-04-2023 12:19:47.4747: [info] Server Running on Port: http://localhost:5000 
02-04-2023 12:19:47.4747: [info] Server Running on Port: http://localhost:5000 
02-04-2023 12:19:47.4747: [info] Server Running on Port: http://localhost:5000 
02-04-2023 12:19:47.4747: [info] Server Running on Port: http://localhost:5000 
02-04-2023 12:19:47.4747: [info] Server Running on Port: http://localhost:5000 
02-04-2023 12:19:47.4747: [info] Server Running on Port: http://localhost:5000 
02-04-2023 12:19:47.4747: [info] Server Running on Port: http://localhost:5000 
02-04-2023 12:20:16.1616: [info] Request recieved POST /signup "paliwalbdevop@gmail.com"  
02-04-2023 12:20:16.1616: [info] [validator.js] : checking input data. 
02-04-2023 12:20:16.1616: [info] signup for new user started..... 
02-04-2023 12:20:20.2020: [info] token generated --> eyJhbGciOiJIUzI1NiIsInR5cCI6IkpXVCJ9.eyJlbWFpbCI6InBhbGl3YWxiZGV2b3BAZ21haWwuY29tIiwiaGFzaFBhc3N3b3JkIjoiJDJiJDE1JEcxblZUY3pZTW1oRWc5b2JWeHpaNE8yUlh3TU9QeW5PT2JqWWhTOVQ1aDF6MGl0SmVkdWlXIiwiaWF0IjoxNjgwNDE4MjIwLCJleHAiOjE2ODA0MjE4MjB9.WkpE2Pew4o-rZWRtIIe0cnnpYDozP2K-Z0bqb8GVzmI 
02-04-2023 12:20:20.2020: [info] new user created --> {"username":"Bharat Paliwal","email":"paliwalbdevop@gmail.com","password":"$2b$15$G1nVTczYMmhEg9obVxzZ4O2RXwMOPynOObjYhS9T5h1z0itJeduiW","isVerified":false,"loginCount":1,"inValidPasswordCount":0,"role":"customer","userStatus":"Active","lastLoggedIn":"","token":"eyJhbGciOiJIUzI1NiIsInR5cCI6IkpXVCJ9.eyJlbWFpbCI6InBhbGl3YWxiZGV2b3BAZ21haWwuY29tIiwiaGFzaFBhc3N3b3JkIjoiJDJiJDE1JEcxblZUY3pZTW1oRWc5b2JWeHpaNE8yUlh3TU9QeW5PT2JqWWhTOVQ1aDF6MGl0SmVkdWlXIiwiaWF0IjoxNjgwNDE4MjIwLCJleHAiOjE2ODA0MjE4MjB9.WkpE2Pew4o-rZWRtIIe0cnnpYDozP2K-Z0bqb8GVzmI","userCreatedOn":"","_id":"642925ac0dae3517786fa887","createdAt":"2023-04-02T06:50:20.060Z","updatedAt":"2023-04-02T06:50:20.060Z","__v":0} 
02-04-2023 12:20:20.2020: [info] signup ended 
02-04-2023 12:20:20.2020: [info] Response send with 200 OK;  1017b sent 
02-04-2023 12:20:20.2020: [info] [email.js] {"accepted":["paliwalbdevop@gmail.com"],"rejected":[],"ehlo":["AUTH LOGIN PLAIN","SIZE 53477376"],"envelopeTime":100,"messageTime":237,"messageSize":1972,"response":"250 Message received","envelope":{"from":"pidevop@zohomail.in","to":["paliwalbdevop@gmail.com"]},"messageId":"<38fe96d3-d16a-cbb5-4cec-5682da294cd3@zohomail.in>"} 
02-04-2023 12:20:34.3434: [info] Request recieved GET /verification/?token=eyJhbGciOiJIUzI1NiIsInR5cCI6IkpXVCJ9.eyJlbWFpbCI6InBhbGl3YWxiZGV2b3BAZ21haWwuY29tIiwiaGFzaFBhc3N3b3JkIjoiJDJiJDE1JEcxblZUY3pZTW1oRWc5b2JWeHpaNE8yUlh3TU9QeW5PT2JqWWhTOVQ1aDF6MGl0SmVkdWlXIiwiaWF0IjoxNjgwNDE4MjIwLCJleHAiOjE2ODA0MjE4MjB9.WkpE2Pew4o-rZWRtIIe0cnnpYDozP2K-Z0bqb8GVzmI undefined  
02-04-2023 12:20:34.3434: [info] Email verification started 
02-04-2023 12:20:34.3434: [info] User verified! -> {
  _id: new ObjectId("642925ac0dae3517786fa887"),
  username: 'Bharat Paliwal',
  email: 'paliwalbdevop@gmail.com',
  password: '$2b$15$G1nVTczYMmhEg9obVxzZ4O2RXwMOPynOObjYhS9T5h1z0itJeduiW',
  isVerified: false,
  loginCount: 1,
  inValidPasswordCount: 0,
  role: 'customer',
  userStatus: 'Active',
  lastLoggedIn: '',
  token: 'eyJhbGciOiJIUzI1NiIsInR5cCI6IkpXVCJ9.eyJlbWFpbCI6InBhbGl3YWxiZGV2b3BAZ21haWwuY29tIiwiaGFzaFBhc3N3b3JkIjoiJDJiJDE1JEcxblZUY3pZTW1oRWc5b2JWeHpaNE8yUlh3TU9QeW5PT2JqWWhTOVQ1aDF6MGl0SmVkdWlXIiwiaWF0IjoxNjgwNDE4MjIwLCJleHAiOjE2ODA0MjE4MjB9.WkpE2Pew4o-rZWRtIIe0cnnpYDozP2K-Z0bqb8GVzmI',
  userCreatedOn: '',
  createdAt: 2023-04-02T06:50:20.060Z,
  updatedAt: 2023-04-02T06:50:34.230Z,
  __v: 0
} 
02-04-2023 12:20:34.3434: [info] Verification method ended 
02-04-2023 12:20:34.3434: [info] Response send with 200 OK;  46b sent 
02-04-2023 12:21:37.3737: [info] Server Running on Port: http://localhost:5000 
02-04-2023 12:21:37.3737: [info] Server Running on Port: http://localhost:5000 
02-04-2023 12:21:37.3737: [info] Server Running on Port: http://localhost:5000 
02-04-2023 12:21:37.3737: [info] Server Running on Port: http://localhost:5000 
02-04-2023 12:21:37.3737: [info] Server Running on Port: http://localhost:5000 
02-04-2023 12:21:37.3737: [info] Server Running on Port: http://localhost:5000 
02-04-2023 12:21:37.3737: [info] Server Running on Port: http://localhost:5000 
02-04-2023 12:21:37.3737: [info] Server Running on Port: http://localhost:5000 
02-04-2023 12:22:25.2525: [info] Server Running on Port: http://localhost:5000 
02-04-2023 12:22:25.2525: [info] Server Running on Port: http://localhost:5000 
02-04-2023 12:22:25.2525: [info] Server Running on Port: http://localhost:5000 
02-04-2023 12:22:25.2525: [info] Server Running on Port: http://localhost:5000 
02-04-2023 12:22:25.2525: [info] Server Running on Port: http://localhost:5000 
02-04-2023 12:22:25.2525: [info] Server Running on Port: http://localhost:5000 
02-04-2023 12:22:25.2525: [info] Server Running on Port: http://localhost:5000 
02-04-2023 12:22:25.2525: [info] Server Running on Port: http://localhost:5000 
02-04-2023 12:23:13.1313: [info] Request recieved GET /verification/?token=eyJhbGciOiJIUzI1NiIsInR5cCI6IkpXVCJ9.eyJlbWFpbCI6InBhbGl3YWxiZGV2b3BAZ21haWwuY29tIiwiaGFzaFBhc3N3b3JkIjoiJDJiJDE1JEcxblZUY3pZTW1oRWc5b2JWeHpaNE8yUlh3TU9QeW5PT2JqWWhTOVQ1aDF6MGl0SmVkdWlXIiwiaWF0IjoxNjgwNDE4MjIwLCJleHAiOjE2ODA0MjE4MjB9.WkpE2Pew4o-rZWRtIIe0cnnpYDozP2K-Z0bqb8GVzmI undefined  
02-04-2023 12:23:13.1313: [info] Email verification started 
02-04-2023 12:23:13.1313: [info] User verified! -> {
  _id: new ObjectId("642925ac0dae3517786fa887"),
  username: 'Bharat Paliwal',
  email: 'paliwalbdevop@gmail.com',
  password: '$2b$15$G1nVTczYMmhEg9obVxzZ4O2RXwMOPynOObjYhS9T5h1z0itJeduiW',
  isVerified: false,
  loginCount: 1,
  inValidPasswordCount: 0,
  role: 'customer',
  userStatus: 'Active',
  lastLoggedIn: '',
  token: 'eyJhbGciOiJIUzI1NiIsInR5cCI6IkpXVCJ9.eyJlbWFpbCI6InBhbGl3YWxiZGV2b3BAZ21haWwuY29tIiwiaGFzaFBhc3N3b3JkIjoiJDJiJDE1JEcxblZUY3pZTW1oRWc5b2JWeHpaNE8yUlh3TU9QeW5PT2JqWWhTOVQ1aDF6MGl0SmVkdWlXIiwiaWF0IjoxNjgwNDE4MjIwLCJleHAiOjE2ODA0MjE4MjB9.WkpE2Pew4o-rZWRtIIe0cnnpYDozP2K-Z0bqb8GVzmI',
  userCreatedOn: '',
  createdAt: 2023-04-02T06:50:20.060Z,
  updatedAt: 2023-04-02T06:53:13.122Z,
  __v: 0
} 
02-04-2023 12:23:13.1313: [info] Verification method ended 
02-04-2023 12:23:13.1313: [info] Response send with 304 Not Modified;  0b sent 
02-04-2023 12:23:14.1414: [info] Request recieved GET /verification/?token=eyJhbGciOiJIUzI1NiIsInR5cCI6IkpXVCJ9.eyJlbWFpbCI6InBhbGl3YWxiZGV2b3BAZ21haWwuY29tIiwiaGFzaFBhc3N3b3JkIjoiJDJiJDE1JEcxblZUY3pZTW1oRWc5b2JWeHpaNE8yUlh3TU9QeW5PT2JqWWhTOVQ1aDF6MGl0SmVkdWlXIiwiaWF0IjoxNjgwNDE4MjIwLCJleHAiOjE2ODA0MjE4MjB9.WkpE2Pew4o-rZWRtIIe0cnnpYDozP2K-Z0bqb8GVzmI undefined  
02-04-2023 12:23:14.1414: [info] Email verification started 
02-04-2023 12:23:15.1515: [info] User verified! -> {
  _id: new ObjectId("642925ac0dae3517786fa887"),
  username: 'Bharat Paliwal',
  email: 'paliwalbdevop@gmail.com',
  password: '$2b$15$G1nVTczYMmhEg9obVxzZ4O2RXwMOPynOObjYhS9T5h1z0itJeduiW',
  isVerified: false,
  loginCount: 1,
  inValidPasswordCount: 0,
  role: 'customer',
  userStatus: 'Active',
  lastLoggedIn: '',
  token: 'eyJhbGciOiJIUzI1NiIsInR5cCI6IkpXVCJ9.eyJlbWFpbCI6InBhbGl3YWxiZGV2b3BAZ21haWwuY29tIiwiaGFzaFBhc3N3b3JkIjoiJDJiJDE1JEcxblZUY3pZTW1oRWc5b2JWeHpaNE8yUlh3TU9QeW5PT2JqWWhTOVQ1aDF6MGl0SmVkdWlXIiwiaWF0IjoxNjgwNDE4MjIwLCJleHAiOjE2ODA0MjE4MjB9.WkpE2Pew4o-rZWRtIIe0cnnpYDozP2K-Z0bqb8GVzmI',
  userCreatedOn: '',
  createdAt: 2023-04-02T06:50:20.060Z,
  updatedAt: 2023-04-02T06:53:15.015Z,
  __v: 0
} 
02-04-2023 12:23:15.1515: [info] Verification method ended 
02-04-2023 12:23:15.1515: [info] Response send with 304 Not Modified;  0b sent 
02-04-2023 12:24:32.3232: [info] Server Running on Port: http://localhost:5000 
02-04-2023 12:24:32.3232: [info] Server Running on Port: http://localhost:5000 
02-04-2023 12:24:32.3232: [info] Server Running on Port: http://localhost:5000 
02-04-2023 12:24:32.3232: [info] Server Running on Port: http://localhost:5000 
02-04-2023 12:24:32.3232: [info] Server Running on Port: http://localhost:5000 
02-04-2023 12:24:32.3232: [info] Server Running on Port: http://localhost:5000 
02-04-2023 12:24:32.3232: [info] Server Running on Port: http://localhost:5000 
02-04-2023 12:24:32.3232: [info] Server Running on Port: http://localhost:5000 
02-04-2023 12:24:41.4141: [info] Server Running on Port: http://localhost:5000 
02-04-2023 12:24:41.4141: [info] Server Running on Port: http://localhost:5000 
02-04-2023 12:24:41.4141: [info] Server Running on Port: http://localhost:5000 
02-04-2023 12:24:41.4141: [info] Server Running on Port: http://localhost:5000 
02-04-2023 12:24:41.4141: [info] Server Running on Port: http://localhost:5000 
02-04-2023 12:24:41.4141: [info] Server Running on Port: http://localhost:5000 
02-04-2023 12:24:41.4141: [info] Server Running on Port: http://localhost:5000 
02-04-2023 12:24:41.4141: [info] Server Running on Port: http://localhost:5000 
02-04-2023 12:25:52.5252: [info] Request recieved POST /signup "paliwalbdevop@gmail.com"  
02-04-2023 12:25:52.5252: [info] [validator.js] : checking input data. 
02-04-2023 12:25:52.5252: [info] signup for new user started..... 
02-04-2023 12:25:55.5555: [info] token generated --> eyJhbGciOiJIUzI1NiIsInR5cCI6IkpXVCJ9.eyJlbWFpbCI6InBhbGl3YWxiZGV2b3BAZ21haWwuY29tIiwiaGFzaFBhc3N3b3JkIjoiJDJiJDE1JHF0WC9pQ1o3TFFSTVBTSDRoQXlPUGVWUk5MRzh3a2RSQUJ2TVZBcWdGWVdrZ3NjcXRoT2kyIiwiaWF0IjoxNjgwNDE4NTU1LCJleHAiOjE2ODA0MjIxNTV9.wdlg-cbsChG74OOwLWkycihcX1VGX26C7PPjVhLV87Y 
02-04-2023 12:25:55.5555: [info] new user created --> {"username":"Bharat Paliwal","email":"paliwalbdevop@gmail.com","password":"$2b$15$qtX/iCZ7LQRMPSH4hAyOPeVRNLG8wkdRABvMVAqgFYWkgscqthOi2","isVerified":false,"loginCount":1,"inValidPasswordCount":0,"role":"customer","userStatus":"Active","lastLoggedIn":"","token":"eyJhbGciOiJIUzI1NiIsInR5cCI6IkpXVCJ9.eyJlbWFpbCI6InBhbGl3YWxiZGV2b3BAZ21haWwuY29tIiwiaGFzaFBhc3N3b3JkIjoiJDJiJDE1JHF0WC9pQ1o3TFFSTVBTSDRoQXlPUGVWUk5MRzh3a2RSQUJ2TVZBcWdGWVdrZ3NjcXRoT2kyIiwiaWF0IjoxNjgwNDE4NTU1LCJleHAiOjE2ODA0MjIxNTV9.wdlg-cbsChG74OOwLWkycihcX1VGX26C7PPjVhLV87Y","userCreatedOn":"","_id":"642926fb5116897b8f04f1bf","createdAt":"2023-04-02T06:55:55.045Z","updatedAt":"2023-04-02T06:55:55.045Z","__v":0} 
02-04-2023 12:25:55.5555: [info] signup ended 
02-04-2023 12:25:55.5555: [info] Response send with 200 OK;  1017b sent 
02-04-2023 12:25:55.5555: [info] [email.js] {"accepted":["paliwalbdevop@gmail.com"],"rejected":[],"ehlo":["AUTH LOGIN PLAIN","SIZE 53477376"],"envelopeTime":88,"messageTime":162,"messageSize":1972,"response":"250 Message received","envelope":{"from":"pidevop@zohomail.in","to":["paliwalbdevop@gmail.com"]},"messageId":"<6c3f9fe3-75c5-0448-0452-45659f8ca2c2@zohomail.in>"} 
02-04-2023 12:26:09.099: [info] Request recieved GET /verification/?token=eyJhbGciOiJIUzI1NiIsInR5cCI6IkpXVCJ9.eyJlbWFpbCI6InBhbGl3YWxiZGV2b3BAZ21haWwuY29tIiwiaGFzaFBhc3N3b3JkIjoiJDJiJDE1JHF0WC9pQ1o3TFFSTVBTSDRoQXlPUGVWUk5MRzh3a2RSQUJ2TVZBcWdGWVdrZ3NjcXRoT2kyIiwiaWF0IjoxNjgwNDE4NTU1LCJleHAiOjE2ODA0MjIxNTV9.wdlg-cbsChG74OOwLWkycihcX1VGX26C7PPjVhLV87Y undefined  
02-04-2023 12:26:09.099: [info] Email verification started 
02-04-2023 12:26:09.099: [info] User verified! -> {
  _id: new ObjectId("642926fb5116897b8f04f1bf"),
  username: 'Bharat Paliwal',
  email: 'paliwalbdevop@gmail.com',
  password: '$2b$15$qtX/iCZ7LQRMPSH4hAyOPeVRNLG8wkdRABvMVAqgFYWkgscqthOi2',
  isVerified: false,
  loginCount: 1,
  inValidPasswordCount: 0,
  role: 'customer',
  userStatus: 'Active',
  lastLoggedIn: '',
  token: 'eyJhbGciOiJIUzI1NiIsInR5cCI6IkpXVCJ9.eyJlbWFpbCI6InBhbGl3YWxiZGV2b3BAZ21haWwuY29tIiwiaGFzaFBhc3N3b3JkIjoiJDJiJDE1JHF0WC9pQ1o3TFFSTVBTSDRoQXlPUGVWUk5MRzh3a2RSQUJ2TVZBcWdGWVdrZ3NjcXRoT2kyIiwiaWF0IjoxNjgwNDE4NTU1LCJleHAiOjE2ODA0MjIxNTV9.wdlg-cbsChG74OOwLWkycihcX1VGX26C7PPjVhLV87Y',
  userCreatedOn: '',
  createdAt: 2023-04-02T06:55:55.045Z,
  updatedAt: 2023-04-02T06:56:09.315Z,
  __v: 0
} 
02-04-2023 12:26:09.099: [info] Verification method ended 
02-04-2023 12:26:09.099: [info] Response send with 200 OK;  46b sent 
02-04-2023 12:33:06.066: [info] Server Running on Port: http://localhost:5000 
02-04-2023 12:33:06.066: [info] Server Running on Port: http://localhost:5000 
02-04-2023 12:33:06.066: [info] Server Running on Port: http://localhost:5000 
02-04-2023 12:33:06.066: [info] Server Running on Port: http://localhost:5000 
02-04-2023 12:33:06.066: [info] Server Running on Port: http://localhost:5000 
02-04-2023 12:33:06.066: [info] Server Running on Port: http://localhost:5000 
02-04-2023 12:33:06.066: [info] Server Running on Port: http://localhost:5000 
02-04-2023 12:33:06.066: [info] Server Running on Port: http://localhost:5000 
02-04-2023 12:33:12.1212: [info] Server Running on Port: http://localhost:5000 
02-04-2023 12:33:12.1212: [info] Server Running on Port: http://localhost:5000 
02-04-2023 12:33:12.1212: [info] Server Running on Port: http://localhost:5000 
02-04-2023 12:33:12.1212: [info] Server Running on Port: http://localhost:5000 
02-04-2023 12:33:13.1313: [info] Server Running on Port: http://localhost:5000 
02-04-2023 12:33:13.1313: [info] Server Running on Port: http://localhost:5000 
02-04-2023 12:33:13.1313: [info] Server Running on Port: http://localhost:5000 
02-04-2023 12:33:13.1313: [info] Server Running on Port: http://localhost:5000 
02-04-2023 12:33:44.4444: [info] Server Running on Port: http://localhost:5000 
02-04-2023 12:33:44.4444: [info] Server Running on Port: http://localhost:5000 
02-04-2023 12:33:44.4444: [info] Server Running on Port: http://localhost:5000 
02-04-2023 12:33:44.4444: [info] Server Running on Port: http://localhost:5000 
02-04-2023 12:33:44.4444: [info] Server Running on Port: http://localhost:5000 
02-04-2023 12:33:44.4444: [info] Server Running on Port: http://localhost:5000 
02-04-2023 12:33:44.4444: [info] Server Running on Port: http://localhost:5000 
02-04-2023 12:33:44.4444: [info] Server Running on Port: http://localhost:5000 
02-04-2023 12:33:53.5353: [info] Request recieved GET /verification/?token=eyJhbGciOiJIUzI1NiIsInR5cCI6IkpXVCJ9.eyJlbWFpbCI6InBhbGl3YWxiZGV2b3BAZ21haWwuY29tIiwiaGFzaFBhc3N3b3JkIjoiJDJiJDE1JHF0WC9pQ1o3TFFSTVBTSDRoQXlPUGVWUk5MRzh3a2RSQUJ2TVZBcWdGWVdrZ3NjcXRoT2kyIiwiaWF0IjoxNjgwNDE4NTU1LCJleHAiOjE2ODA0MjIxNTV9.wdlg-cbsChG74OOwLWkycihcX1VGX26C7PPjVhLV87Y undefined  
02-04-2023 12:33:53.5353: [info] Email verification started 
02-04-2023 12:33:53.5353: [info] User verified! -> {
  _id: new ObjectId("642926fb5116897b8f04f1bf"),
  username: 'Bharat Paliwal',
  email: 'paliwalbdevop@gmail.com',
  password: '$2b$15$qtX/iCZ7LQRMPSH4hAyOPeVRNLG8wkdRABvMVAqgFYWkgscqthOi2',
  isVerified: true,
  loginCount: 1,
  inValidPasswordCount: 0,
  role: 'customer',
  userStatus: 'Active',
  lastLoggedIn: '',
  token: 'eyJhbGciOiJIUzI1NiIsInR5cCI6IkpXVCJ9.eyJlbWFpbCI6InBhbGl3YWxiZGV2b3BAZ21haWwuY29tIiwiaGFzaFBhc3N3b3JkIjoiJDJiJDE1JHF0WC9pQ1o3TFFSTVBTSDRoQXlPUGVWUk5MRzh3a2RSQUJ2TVZBcWdGWVdrZ3NjcXRoT2kyIiwiaWF0IjoxNjgwNDE4NTU1LCJleHAiOjE2ODA0MjIxNTV9.wdlg-cbsChG74OOwLWkycihcX1VGX26C7PPjVhLV87Y',
  userCreatedOn: '',
  createdAt: 2023-04-02T06:55:55.045Z,
  updatedAt: 2023-04-02T07:03:53.222Z,
  __v: 0
} 
02-04-2023 12:33:53.5353: [info] Verification method ended 
02-04-2023 12:33:53.5353: [info] Response send with 304 Not Modified;  0b sent 
02-04-2023 12:34:36.3636: [info] Server Running on Port: http://localhost:5000 
02-04-2023 12:34:36.3636: [info] Server Running on Port: http://localhost:5000 
02-04-2023 12:34:36.3636: [info] Server Running on Port: http://localhost:5000 
02-04-2023 12:34:36.3636: [info] Server Running on Port: http://localhost:5000 
02-04-2023 12:34:36.3636: [info] Server Running on Port: http://localhost:5000 
02-04-2023 12:34:36.3636: [info] Server Running on Port: http://localhost:5000 
02-04-2023 12:34:36.3636: [info] Server Running on Port: http://localhost:5000 
02-04-2023 12:34:40.4040: [info] Request recieved GET /verification/?token=eyJhbGciOiJIUzI1NiIsInR5cCI6IkpXVCJ9.eyJlbWFpbCI6InBhbGl3YWxiZGV2b3BAZ21haWwuY29tIiwiaGFzaFBhc3N3b3JkIjoiJDJiJDE1JHF0WC9pQ1o3TFFSTVBTSDRoQXlPUGVWUk5MRzh3a2RSQUJ2TVZBcWdGWVdrZ3NjcXRoT2kyIiwiaWF0IjoxNjgwNDE4NTU1LCJleHAiOjE2ODA0MjIxNTV9.wdlg-cbsChG74OOwLWkycihcX1VGX26C7PPjVhLV87Y undefined  
02-04-2023 12:34:40.4040: [info] Email verification started 
02-04-2023 12:34:40.4040: [info] User verified! -> {"_id":"642926fb5116897b8f04f1bf","username":"Bharat Paliwal","email":"paliwalbdevop@gmail.com","password":"$2b$15$qtX/iCZ7LQRMPSH4hAyOPeVRNLG8wkdRABvMVAqgFYWkgscqthOi2","isVerified":true,"loginCount":1,"inValidPasswordCount":0,"role":"customer","userStatus":"Active","lastLoggedIn":"","token":"eyJhbGciOiJIUzI1NiIsInR5cCI6IkpXVCJ9.eyJlbWFpbCI6InBhbGl3YWxiZGV2b3BAZ21haWwuY29tIiwiaGFzaFBhc3N3b3JkIjoiJDJiJDE1JHF0WC9pQ1o3TFFSTVBTSDRoQXlPUGVWUk5MRzh3a2RSQUJ2TVZBcWdGWVdrZ3NjcXRoT2kyIiwiaWF0IjoxNjgwNDE4NTU1LCJleHAiOjE2ODA0MjIxNTV9.wdlg-cbsChG74OOwLWkycihcX1VGX26C7PPjVhLV87Y","userCreatedOn":"","createdAt":"2023-04-02T06:55:55.045Z","updatedAt":"2023-04-02T07:04:40.546Z","__v":0} 
02-04-2023 12:34:40.4040: [info] Verification method ended 
02-04-2023 12:34:40.4040: [info] Response send with 304 Not Modified;  0b sent 
02-04-2023 12:34:47.4747: [info] Server Running on Port: http://localhost:5000 
